<?xml version="1.0" encoding="UTF-8"?>
<!-- Generated by org.testng.reporters.JUnitReportReporter -->
<testsuite hostname="DESKTOP-5T8BFD6" failures="0" tests="2" name="com.demo.test_cases.TestCase_01" time="21.228" errors="0" timestamp="2024-10-22T22:13:09 EEST" skipped="0">
  <testcase classname="com.demo.test_cases.TestCase_01" name="checkHomePage" time="9.389"/>
  <testcase classname="com.demo.test_cases.TestCase_01" name="checkUserLogin" time="11.839"/>
</testsuite> <!-- com.demo.test_cases.TestCase_01 -->
