<?xml version="1.0" encoding="UTF-8"?>
<!-- Generated by org.testng.reporters.JUnitReportReporter -->
<testsuite hostname="DESKTOP-5T8BFD6" failures="0" tests="2" name="com.demo.test_cases.TestCase_01" time="17.275" errors="0" timestamp="2024-11-09T17:54:42 EET" skipped="0">
  <testcase classname="com.demo.test_cases.TestCase_01" name="checkHomePage" time="3.379"/>
  <testcase classname="com.demo.test_cases.TestCase_01" name="checkUserLogin" time="13.896"/>
</testsuite> <!-- com.demo.test_cases.TestCase_01 -->
